# JRE version: OpenJDK Runtime Environment (11.0.10) (build 11.0.10+0-b96-7249189)
# Java VM: OpenJDK 64-Bit Server VM (11.0.10+0-b96-7249189, mixed mode, tiered, compressed oops, g1 gc, windows-amd64)
Heap:
 garbage-first heap   total 367616K, used 234290K [0x0000000080000000, 0x0000000100000000)
  region size 1024K, 25 young (25600K), 8 survivors (8192K)
 Metaspace       used 113645K, capacity 116564K, committed 116684K, reserved 1150976K
  class space    used 14392K, capacity 15464K, committed 15564K, reserved 1048576K
GC Heap History (20 events):
Event: 65.487 GC heap before
{Heap before GC invocations=57 (full 0):
 garbage-first heap   total 247808K, used 181760K [0x0000000080000000, 0x0000000100000000)
  region size 1024K, 44 young (45056K), 2 survivors (2048K)
 Metaspace       used 102407K, capacity 104787K, committed 105036K, reserved 1140736K
  class space    used 13004K, capacity 13842K, committed 13900K, reserved 1048576K
}
Event: 65.583 GC heap after
{Heap after GC invocations=58 (full 0):
 garbage-first heap   total 247808K, used 161535K [0x0000000080000000, 0x0000000100000000)
  region size 1024K, 6 young (6144K), 6 survivors (6144K)
 Metaspace       used 102407K, capacity 104787K, committed 105036K, reserved 1140736K
  class space    used 13004K, capacity 13842K, committed 13900K, reserved 1048576K
}
Event: 66.878 GC heap before
{Heap before GC invocations=59 (full 0):
 garbage-first heap   total 247808K, used 191231K [0x0000000080000000, 0x0000000100000000)
  region size 1024K, 36 young (36864K), 6 survivors (6144K)
 Metaspace       used 104523K, capacity 106916K, committed 107212K, reserved 1142784K
  class space    used 13305K, capacity 14161K, committed 14284K, reserved 1048576K
}
Event: 66.915 GC heap after
{Heap after GC invocations=60 (full 0):
 garbage-first heap   total 247808K, used 169536K [0x0000000080000000, 0x0000000100000000)
  region size 1024K, 5 young (5120K), 5 survivors (5120K)
 Metaspace       used 104523K, capacity 106916K, committed 107212K, reserved 1142784K
  class space    used 13305K, capacity 14161K, committed 14284K, reserved 1048576K
}
Event: 67.102 GC heap before
{Heap before GC invocations=60 (full 0):
 garbage-first heap   total 247808K, used 176704K [0x0000000080000000, 0x0000000100000000)
  region size 1024K, 12 young (12288K), 5 survivors (5120K)
 Metaspace       used 104765K, capacity 107301K, committed 107468K, reserved 1142784K
  class space    used 13357K, capacity 14248K, committed 14284K, reserved 1048576K
}
Event: 67.138 GC heap after
{Heap after GC invocations=61 (full 0):
 garbage-first heap   total 367616K, used 169984K [0x0000000080000000, 0x0000000100000000)
  region size 1024K, 1 young (1024K), 1 survivors (1024K)
 Metaspace       used 104765K, capacity 107301K, committed 107468K, reserved 1142784K
  class space    used 13357K, capacity 14248K, committed 14284K, reserved 1048576K
}
Event: 68.890 GC heap before
{Heap before GC invocations=61 (full 0):
 garbage-first heap   total 367616K, used 244736K [0x0000000080000000, 0x0000000100000000)
  region size 1024K, 68 young (69632K), 1 survivors (1024K)
 Metaspace       used 105309K, capacity 107862K, committed 108108K, reserved 1142784K
  class space    used 13417K, capacity 14320K, committed 14412K, reserved 1048576K
}
Event: 68.922 GC heap after
{Heap after GC invocations=62 (full 0):
 garbage-first heap   total 367616K, used 181504K [0x0000000080000000, 0x0000000100000000)
  region size 1024K, 7 young (7168K), 7 survivors (7168K)
 Metaspace       used 105309K, capacity 107862K, committed 108108K, reserved 1142784K
  class space    used 13417K, capacity 14320K, committed 14412K, reserved 1048576K
}
Event: 70.435 GC heap before
{Heap before GC invocations=62 (full 0):
 garbage-first heap   total 367616K, used 265472K [0x0000000080000000, 0x0000000100000000)
  region size 1024K, 78 young (79872K), 7 survivors (7168K)
 Metaspace       used 105871K, capacity 108427K, committed 108620K, reserved 1142784K
  class space    used 13478K, capacity 14395K, committed 14412K, reserved 1048576K
}
Event: 70.493 GC heap after
{Heap after GC invocations=63 (full 0):
 garbage-first heap   total 367616K, used 202179K [0x0000000080000000, 0x0000000100000000)
  region size 1024K, 10 young (10240K), 10 survivors (10240K)
 Metaspace       used 105871K, capacity 108427K, committed 108620K, reserved 1142784K
  class space    used 13478K, capacity 14395K, committed 14412K, reserved 1048576K
}
Event: 71.320 GC heap before
{Heap before GC invocations=63 (full 0):
 garbage-first heap   total 367616K, used 283075K [0x0000000080000000, 0x0000000100000000)
  region size 1024K, 81 young (82944K), 10 survivors (10240K)
 Metaspace       used 106601K, capacity 109215K, committed 109516K, reserved 1144832K
  class space    used 13545K, capacity 14465K, committed 14540K, reserved 1048576K
}
Event: 71.339 GC heap after
{Heap after GC invocations=64 (full 0):
 garbage-first heap   total 367616K, used 218823K [0x0000000080000000, 0x0000000100000000)
  region size 1024K, 8 young (8192K), 8 survivors (8192K)
 Metaspace       used 106601K, capacity 109215K, committed 109516K, reserved 1144832K
  class space    used 13545K, capacity 14465K, committed 14540K, reserved 1048576K
}
Event: 72.189 GC heap before
{Heap before GC invocations=64 (full 0):
 garbage-first heap   total 367616K, used 284359K [0x0000000080000000, 0x0000000100000000)
  region size 1024K, 73 young (74752K), 8 survivors (8192K)
 Metaspace       used 108699K, capacity 111348K, committed 111564K, reserved 1146880K
  class space    used 13790K, capacity 14759K, committed 14796K, reserved 1048576K
}
Event: 72.204 GC heap after
{Heap after GC invocations=65 (full 0):
 garbage-first heap   total 367616K, used 211048K [0x0000000080000000, 0x0000000100000000)
  region size 1024K, 3 young (3072K), 3 survivors (3072K)
 Metaspace       used 108699K, capacity 111348K, committed 111564K, reserved 1146880K
  class space    used 13790K, capacity 14759K, committed 14796K, reserved 1048576K
}
Event: 73.075 GC heap before
{Heap before GC invocations=65 (full 0):
 garbage-first heap   total 367616K, used 290920K [0x0000000080000000, 0x0000000100000000)
  region size 1024K, 79 young (80896K), 3 survivors (3072K)
 Metaspace       used 109631K, capacity 112293K, committed 112460K, reserved 1146880K
  class space    used 13903K, capacity 14878K, committed 14924K, reserved 1048576K
}
Event: 73.084 GC heap after
{Heap after GC invocations=66 (full 0):
 garbage-first heap   total 367616K, used 215095K [0x0000000080000000, 0x0000000100000000)
  region size 1024K, 5 young (5120K), 5 survivors (5120K)
 Metaspace       used 109631K, capacity 112293K, committed 112460K, reserved 1146880K
  class space    used 13903K, capacity 14878K, committed 14924K, reserved 1048576K
}
Event: 73.453 GC heap before
{Heap before GC invocations=66 (full 0):
 garbage-first heap   total 367616K, used 292919K [0x0000000080000000, 0x0000000100000000)
  region size 1024K, 81 young (82944K), 5 survivors (5120K)
 Metaspace       used 109631K, capacity 112293K, committed 112460K, reserved 1146880K
  class space    used 13903K, capacity 14878K, committed 14924K, reserved 1048576K
}
Event: 73.469 GC heap after
{Heap after GC invocations=67 (full 0):
 garbage-first heap   total 367616K, used 216515K [0x0000000080000000, 0x0000000100000000)
  region size 1024K, 6 young (6144K), 6 survivors (6144K)
 Metaspace       used 109631K, capacity 112293K, committed 112460K, reserved 1146880K
  class space    used 13903K, capacity 14878K, committed 14924K, reserved 1048576K
}
Event: 125.790 GC heap before
{Heap before GC invocations=67 (full 0):
 garbage-first heap   total 367616K, used 295363K [0x0000000080000000, 0x0000000100000000)
  region size 1024K, 84 young (86016K), 6 survivors (6144K)
 Metaspace       used 112376K, capacity 115186K, committed 115404K, reserved 1148928K
  class space    used 14208K, capacity 15222K, committed 15308K, reserved 1048576K
}
Event: 125.827 GC heap after
{Heap after GC invocations=68 (full 0):
 garbage-first heap   total 367616K, used 217906K [0x0000000080000000, 0x0000000100000000)
  region size 1024K, 8 young (8192K), 8 survivors (8192K)
 Metaspace       used 112376K, capacity 115186K, committed 115404K, reserved 1148928K
  class space    used 14208K, capacity 15222K, committed 15308K, reserved 1048576K
}

