# JRE version: OpenJDK Runtime Environment (11.0.10) (build 11.0.10+0-b96-7249189)
# Java VM: OpenJDK 64-Bit Server VM (11.0.10+0-b96-7249189, mixed mode, tiered, compressed oops, g1 gc, windows-amd64)
Heap:
 garbage-first heap   total 273408K, used 180182K [0x0000000080000000, 0x0000000100000000)
  region size 1024K, 48 young (49152K), 2 survivors (2048K)
 Metaspace       used 138615K, capacity 142461K, committed 144640K, reserved 1175552K
  class space    used 16824K, capacity 18187K, committed 18432K, reserved 1048576K
GC Heap History (20 events):
Event: 2665.701 GC heap before
{Heap before GC invocations=112 (full 0):
 garbage-first heap   total 227328K, used 134290K [0x0000000080000000, 0x0000000100000000)
  region size 1024K, 12 young (12288K), 2 survivors (2048K)
 Metaspace       used 138257K, capacity 142028K, committed 142208K, reserved 1173504K
  class space    used 16810K, capacity 18145K, committed 18304K, reserved 1048576K
}
Event: 2665.710 GC heap after
{Heap after GC invocations=113 (full 0):
 garbage-first heap   total 227328K, used 126445K [0x0000000080000000, 0x0000000100000000)
  region size 1024K, 4 young (4096K), 4 survivors (4096K)
 Metaspace       used 138257K, capacity 142028K, committed 142208K, reserved 1173504K
  class space    used 16810K, capacity 18145K, committed 18304K, reserved 1048576K
}
Event: 2674.520 GC heap before
{Heap before GC invocations=114 (full 0):
 garbage-first heap   total 227328K, used 165357K [0x0000000080000000, 0x0000000100000000)
  region size 1024K, 40 young (40960K), 4 survivors (4096K)
 Metaspace       used 139267K, capacity 143076K, committed 143232K, reserved 1173504K
  class space    used 16846K, capacity 18193K, committed 18304K, reserved 1048576K
}
Event: 2674.527 GC heap after
{Heap after GC invocations=115 (full 0):
 garbage-first heap   total 227328K, used 125882K [0x0000000080000000, 0x0000000100000000)
  region size 1024K, 2 young (2048K), 2 survivors (2048K)
 Metaspace       used 139267K, capacity 143076K, committed 143232K, reserved 1173504K
  class space    used 16846K, capacity 18193K, committed 18304K, reserved 1048576K
}
Event: 2674.558 GC heap before
{Heap before GC invocations=115 (full 0):
 garbage-first heap   total 227328K, used 134074K [0x0000000080000000, 0x0000000100000000)
  region size 1024K, 11 young (11264K), 2 survivors (2048K)
 Metaspace       used 139268K, capacity 143076K, committed 143232K, reserved 1173504K
  class space    used 16846K, capacity 18193K, committed 18304K, reserved 1048576K
}
Event: 2674.572 GC heap after
{Heap after GC invocations=116 (full 0):
 garbage-first heap   total 227328K, used 126062K [0x0000000080000000, 0x0000000100000000)
  region size 1024K, 2 young (2048K), 2 survivors (2048K)
 Metaspace       used 139268K, capacity 143076K, committed 143232K, reserved 1173504K
  class space    used 16846K, capacity 18193K, committed 18304K, reserved 1048576K
}
Event: 2674.792 GC heap before
{Heap before GC invocations=116 (full 0):
 garbage-first heap   total 227328K, used 135278K [0x0000000080000000, 0x0000000100000000)
  region size 1024K, 13 young (13312K), 2 survivors (2048K)
 Metaspace       used 139309K, capacity 143077K, committed 143232K, reserved 1173504K
  class space    used 16846K, capacity 18193K, committed 18304K, reserved 1048576K
}
Event: 2674.798 GC heap after
{Heap after GC invocations=117 (full 0):
 garbage-first heap   total 227328K, used 126579K [0x0000000080000000, 0x0000000100000000)
  region size 1024K, 2 young (2048K), 2 survivors (2048K)
 Metaspace       used 139309K, capacity 143077K, committed 143232K, reserved 1173504K
  class space    used 16846K, capacity 18193K, committed 18304K, reserved 1048576K
}
Event: 2675.801 GC heap before
{Heap before GC invocations=118 (full 0):
 garbage-first heap   total 227328K, used 178803K [0x0000000080000000, 0x0000000100000000)
  region size 1024K, 47 young (48128K), 2 survivors (2048K)
 Metaspace       used 139767K, capacity 143530K, committed 143872K, reserved 1175552K
  class space    used 16882K, capacity 18233K, committed 18432K, reserved 1048576K
}
Event: 2675.809 GC heap after
{Heap after GC invocations=119 (full 0):
 garbage-first heap   total 227328K, used 131048K [0x0000000080000000, 0x0000000100000000)
  region size 1024K, 5 young (5120K), 5 survivors (5120K)
 Metaspace       used 139767K, capacity 143530K, committed 143872K, reserved 1175552K
  class space    used 16882K, capacity 18233K, committed 18432K, reserved 1048576K
}
Event: 2675.836 GC heap before
{Heap before GC invocations=119 (full 0):
 garbage-first heap   total 227328K, used 137192K [0x0000000080000000, 0x0000000100000000)
  region size 1024K, 11 young (11264K), 5 survivors (5120K)
 Metaspace       used 139842K, capacity 143600K, committed 143872K, reserved 1175552K
  class space    used 16886K, capacity 18235K, committed 18432K, reserved 1048576K
}
Event: 2675.860 GC heap after
{Heap after GC invocations=120 (full 0):
 garbage-first heap   total 227328K, used 124880K [0x0000000080000000, 0x0000000100000000)
  region size 1024K, 2 young (2048K), 2 survivors (2048K)
 Metaspace       used 139842K, capacity 143600K, committed 143872K, reserved 1175552K
  class space    used 16886K, capacity 18235K, committed 18432K, reserved 1048576K
}
Event: 2676.242 GC heap before
{Heap before GC invocations=120 (full 0):
 garbage-first heap   total 227328K, used 174032K [0x0000000080000000, 0x0000000100000000)
  region size 1024K, 50 young (51200K), 2 survivors (2048K)
 Metaspace       used 140407K, capacity 144248K, committed 144384K, reserved 1175552K
  class space    used 16949K, capacity 18321K, committed 18432K, reserved 1048576K
}
Event: 2676.270 GC heap after
{Heap after GC invocations=121 (full 0):
 garbage-first heap   total 227328K, used 128047K [0x0000000080000000, 0x0000000100000000)
  region size 1024K, 6 young (6144K), 6 survivors (6144K)
 Metaspace       used 140407K, capacity 144248K, committed 144384K, reserved 1175552K
  class space    used 16949K, capacity 18321K, committed 18432K, reserved 1048576K
}
Event: 2676.874 GC heap before
{Heap before GC invocations=121 (full 0):
 garbage-first heap   total 227328K, used 177199K [0x0000000080000000, 0x0000000100000000)
  region size 1024K, 54 young (55296K), 6 survivors (6144K)
 Metaspace       used 138575K, capacity 142453K, committed 144640K, reserved 1175552K
  class space    used 16823K, capacity 18185K, committed 18432K, reserved 1048576K
}
Event: 2676.898 GC heap after
{Heap after GC invocations=122 (full 0):
 garbage-first heap   total 227328K, used 129905K [0x0000000080000000, 0x0000000100000000)
  region size 1024K, 6 young (6144K), 6 survivors (6144K)
 Metaspace       used 138575K, capacity 142453K, committed 144640K, reserved 1175552K
  class space    used 16823K, capacity 18185K, committed 18432K, reserved 1048576K
}
Event: 2677.107 GC heap before
{Heap before GC invocations=123 (full 0):
 garbage-first heap   total 227328K, used 178033K [0x0000000080000000, 0x0000000100000000)
  region size 1024K, 54 young (55296K), 6 survivors (6144K)
 Metaspace       used 138594K, capacity 142455K, committed 144640K, reserved 1175552K
  class space    used 16823K, capacity 18185K, committed 18432K, reserved 1048576K
}
Event: 2677.130 GC heap after
{Heap after GC invocations=124 (full 0):
 garbage-first heap   total 227328K, used 136244K [0x0000000080000000, 0x0000000100000000)
  region size 1024K, 7 young (7168K), 7 survivors (7168K)
 Metaspace       used 138594K, capacity 142455K, committed 144640K, reserved 1175552K
  class space    used 16823K, capacity 18185K, committed 18432K, reserved 1048576K
}
Event: 2677.162 GC heap before
{Heap before GC invocations=124 (full 0):
 garbage-first heap   total 227328K, used 139316K [0x0000000080000000, 0x0000000100000000)
  region size 1024K, 11 young (11264K), 7 survivors (7168K)
 Metaspace       used 138594K, capacity 142455K, committed 144640K, reserved 1175552K
  class space    used 16823K, capacity 18185K, committed 18432K, reserved 1048576K
}
Event: 2677.189 GC heap after
{Heap after GC invocations=125 (full 0):
 garbage-first heap   total 273408K, used 134102K [0x0000000080000000, 0x0000000100000000)
  region size 1024K, 2 young (2048K), 2 survivors (2048K)
 Metaspace       used 138594K, capacity 142455K, committed 144640K, reserved 1175552K
  class space    used 16823K, capacity 18185K, committed 18432K, reserved 1048576K
}

